This is pdfTeX, Version 3.14159265-2.6-1.40.17 (MiKTeX 2.9 64-bit) (preloaded format=pdflatex 2018.5.16)  16 MAY 2018 22:17
entering extended mode
**./Kolmogorov_Approx.tex
(Kolmogorov_Approx.tex
LaTeX2e <2016/03/31> patch level 3
Babel <3.9r> and hyphenation patterns for 75 language(s) loaded.
("e:\Program Files\MiKTeX 2.9\tex\latex\base\article.cls"
Document Class: article 2014/09/29 v1.4h Standard LaTeX document class
("e:\Program Files\MiKTeX 2.9\tex\latex\base\size10.clo"
File: size10.clo 2014/09/29 v1.4h Standard LaTeX file (size option)
)
\c@part=\count79
\c@section=\count80
\c@subsection=\count81
\c@subsubsection=\count82
\c@paragraph=\count83
\c@subparagraph=\count84
\c@figure=\count85
\c@table=\count86
\abovecaptionskip=\skip41
\belowcaptionskip=\skip42
\bibindent=\dimen102
) (nips_2018.sty
Package: nips_2018 2018/03/03 NIPS 2018 submission/camera-ready style file

(C:\Users\geraw_000\AppData\Roaming\MiKTeX\2.9\tex\latex\lineno\lineno.sty
Package: lineno 2005/11/02 line numbers on paragraphs v4.41
\linenopenalty=\count87
\output=\toks14
\linenoprevgraf=\count88
\linenumbersep=\dimen103
\linenumberwidth=\dimen104
\c@linenumber=\count89
\c@pagewiselinenumber=\count90
\c@LN@truepage=\count91
\c@internallinenumber=\count92
\c@internallinenumbers=\count93
\quotelinenumbersep=\dimen105
\bframerule=\dimen106
\bframesep=\dimen107
\bframebox=\box26
LaTeX Info: Redefining \\ on input line 3056.
)
(C:\Users\geraw_000\AppData\Roaming\MiKTeX\2.9\tex\latex\natbib\natbib.sty
Package: natbib 2010/09/13 8.31b (PWD, AO)
\bibhang=\skip43
\bibsep=\skip44
LaTeX Info: Redefining \cite on input line 694.
\c@NAT@ctr=\count94
)
("e:\Program Files\MiKTeX 2.9\tex\latex\geometry\geometry.sty"
Package: geometry 2010/09/12 v5.6 Page Geometry

("e:\Program Files\MiKTeX 2.9\tex\latex\graphics\keyval.sty"
Package: keyval 2014/10/28 v1.15 key=value parser (DPC)
\KV@toks@=\toks15
)
("e:\Program Files\MiKTeX 2.9\tex\generic\oberdiek\ifpdf.sty"
Package: ifpdf 2016/05/14 v3.1 Provides the ifpdf switch
)
("e:\Program Files\MiKTeX 2.9\tex\generic\oberdiek\ifvtex.sty"
Package: ifvtex 2016/05/16 v1.6 Detect VTeX and its facilities (HO)
Package ifvtex Info: VTeX not detected.
)
("e:\Program Files\MiKTeX 2.9\tex\generic\ifxetex\ifxetex.sty"
Package: ifxetex 2010/09/12 v0.6 Provides ifxetex conditional
)
\Gm@cnth=\count95
\Gm@cntv=\count96
\c@Gm@tempcnt=\count97
\Gm@bindingoffset=\dimen108
\Gm@wd@mp=\dimen109
\Gm@odd@mp=\dimen110
\Gm@even@mp=\dimen111
\Gm@layoutwidth=\dimen112
\Gm@layoutheight=\dimen113
\Gm@layouthoffset=\dimen114
\Gm@layoutvoffset=\dimen115
\Gm@dimlist=\toks16

("e:\Program Files\MiKTeX 2.9\tex\latex\geometry\geometry.cfg"))
\@nipsabovecaptionskip=\skip45
\@nipsbelowcaptionskip=\skip46
)
("e:\Program Files\MiKTeX 2.9\tex\latex\base\inputenc.sty"
Package: inputenc 2015/03/17 v1.2c Input encoding file
\inpenc@prehook=\toks17
\inpenc@posthook=\toks18

("e:\Program Files\MiKTeX 2.9\tex\latex\base\utf8.def"
File: utf8.def 2016/02/28 v1.1s UTF-8 support for inputenc
Now handling font encoding OML ...
... no UTF-8 mapping file for font encoding OML
Now handling font encoding T1 ...
... processing UTF-8 mapping file for font encoding T1

("e:\Program Files\MiKTeX 2.9\tex\latex\base\t1enc.dfu"
File: t1enc.dfu 2016/02/28 v1.1s UTF-8 support for inputenc
   defining Unicode char U+00A0 (decimal 160)
   defining Unicode char U+00A1 (decimal 161)
   defining Unicode char U+00A3 (decimal 163)
   defining Unicode char U+00AB (decimal 171)
   defining Unicode char U+00AD (decimal 173)
   defining Unicode char U+00BB (decimal 187)
   defining Unicode char U+00BF (decimal 191)
   defining Unicode char U+00C0 (decimal 192)
   defining Unicode char U+00C1 (decimal 193)
   defining Unicode char U+00C2 (decimal 194)
   defining Unicode char U+00C3 (decimal 195)
   defining Unicode char U+00C4 (decimal 196)
   defining Unicode char U+00C5 (decimal 197)
   defining Unicode char U+00C6 (decimal 198)
   defining Unicode char U+00C7 (decimal 199)
   defining Unicode char U+00C8 (decimal 200)
   defining Unicode char U+00C9 (decimal 201)
   defining Unicode char U+00CA (decimal 202)
   defining Unicode char U+00CB (decimal 203)
   defining Unicode char U+00CC (decimal 204)
   defining Unicode char U+00CD (decimal 205)
   defining Unicode char U+00CE (decimal 206)
   defining Unicode char U+00CF (decimal 207)
   defining Unicode char U+00D0 (decimal 208)
   defining Unicode char U+00D1 (decimal 209)
   defining Unicode char U+00D2 (decimal 210)
   defining Unicode char U+00D3 (decimal 211)
   defining Unicode char U+00D4 (decimal 212)
   defining Unicode char U+00D5 (decimal 213)
   defining Unicode char U+00D6 (decimal 214)
   defining Unicode char U+00D8 (decimal 216)
   defining Unicode char U+00D9 (decimal 217)
   defining Unicode char U+00DA (decimal 218)
   defining Unicode char U+00DB (decimal 219)
   defining Unicode char U+00DC (decimal 220)
   defining Unicode char U+00DD (decimal 221)
   defining Unicode char U+00DE (decimal 222)
   defining Unicode char U+00DF (decimal 223)
   defining Unicode char U+00E0 (decimal 224)
   defining Unicode char U+00E1 (decimal 225)
   defining Unicode char U+00E2 (decimal 226)
   defining Unicode char U+00E3 (decimal 227)
   defining Unicode char U+00E4 (decimal 228)
   defining Unicode char U+00E5 (decimal 229)
   defining Unicode char U+00E6 (decimal 230)
   defining Unicode char U+00E7 (decimal 231)
   defining Unicode char U+00E8 (decimal 232)
   defining Unicode char U+00E9 (decimal 233)
   defining Unicode char U+00EA (decimal 234)
   defining Unicode char U+00EB (decimal 235)
   defining Unicode char U+00EC (decimal 236)
   defining Unicode char U+00ED (decimal 237)
   defining Unicode char U+00EE (decimal 238)
   defining Unicode char U+00EF (decimal 239)
   defining Unicode char U+00F0 (decimal 240)
   defining Unicode char U+00F1 (decimal 241)
   defining Unicode char U+00F2 (decimal 242)
   defining Unicode char U+00F3 (decimal 243)
   defining Unicode char U+00F4 (decimal 244)
   defining Unicode char U+00F5 (decimal 245)
   defining Unicode char U+00F6 (decimal 246)
   defining Unicode char U+00F8 (decimal 248)
   defining Unicode char U+00F9 (decimal 249)
   defining Unicode char U+00FA (decimal 250)
   defining Unicode char U+00FB (decimal 251)
   defining Unicode char U+00FC (decimal 252)
   defining Unicode char U+00FD (decimal 253)
   defining Unicode char U+00FE (decimal 254)
   defining Unicode char U+00FF (decimal 255)
   defining Unicode char U+0100 (decimal 256)
   defining Unicode char U+0101 (decimal 257)
   defining Unicode char U+0102 (decimal 258)
   defining Unicode char U+0103 (decimal 259)
   defining Unicode char U+0104 (decimal 260)
   defining Unicode char U+0105 (decimal 261)
   defining Unicode char U+0106 (decimal 262)
   defining Unicode char U+0107 (decimal 263)
   defining Unicode char U+0108 (decimal 264)
   defining Unicode char U+0109 (decimal 265)
   defining Unicode char U+010A (decimal 266)
   defining Unicode char U+010B (decimal 267)
   defining Unicode char U+010C (decimal 268)
   defining Unicode char U+010D (decimal 269)
   defining Unicode char U+010E (decimal 270)
   defining Unicode char U+010F (decimal 271)
   defining Unicode char U+0110 (decimal 272)
   defining Unicode char U+0111 (decimal 273)
   defining Unicode char U+0112 (decimal 274)
   defining Unicode char U+0113 (decimal 275)
   defining Unicode char U+0114 (decimal 276)
   defining Unicode char U+0115 (decimal 277)
   defining Unicode char U+0116 (decimal 278)
   defining Unicode char U+0117 (decimal 279)
   defining Unicode char U+0118 (decimal 280)
   defining Unicode char U+0119 (decimal 281)
   defining Unicode char U+011A (decimal 282)
   defining Unicode char U+011B (decimal 283)
   defining Unicode char U+011C (decimal 284)
   defining Unicode char U+011D (decimal 285)
   defining Unicode char U+011E (decimal 286)
   defining Unicode char U+011F (decimal 287)
   defining Unicode char U+0120 (decimal 288)
   defining Unicode char U+0121 (decimal 289)
   defining Unicode char U+0122 (decimal 290)
   defining Unicode char U+0123 (decimal 291)
   defining Unicode char U+0124 (decimal 292)
   defining Unicode char U+0125 (decimal 293)
   defining Unicode char U+0128 (decimal 296)
   defining Unicode char U+0129 (decimal 297)
   defining Unicode char U+012A (decimal 298)
   defining Unicode char U+012B (decimal 299)
   defining Unicode char U+012C (decimal 300)
   defining Unicode char U+012D (decimal 301)
   defining Unicode char U+012E (decimal 302)
   defining Unicode char U+012F (decimal 303)
   defining Unicode char U+0130 (decimal 304)
   defining Unicode char U+0131 (decimal 305)
   defining Unicode char U+0132 (decimal 306)
   defining Unicode char U+0133 (decimal 307)
   defining Unicode char U+0134 (decimal 308)
   defining Unicode char U+0135 (decimal 309)
   defining Unicode char U+0136 (decimal 310)
   defining Unicode char U+0137 (decimal 311)
   defining Unicode char U+0139 (decimal 313)
   defining Unicode char U+013A (decimal 314)
   defining Unicode char U+013B (decimal 315)
   defining Unicode char U+013C (decimal 316)
   defining Unicode char U+013D (decimal 317)
   defining Unicode char U+013E (decimal 318)
   defining Unicode char U+0141 (decimal 321)
   defining Unicode char U+0142 (decimal 322)
   defining Unicode char U+0143 (decimal 323)
   defining Unicode char U+0144 (decimal 324)
   defining Unicode char U+0145 (decimal 325)
   defining Unicode char U+0146 (decimal 326)
   defining Unicode char U+0147 (decimal 327)
   defining Unicode char U+0148 (decimal 328)
   defining Unicode char U+014A (decimal 330)
   defining Unicode char U+014B (decimal 331)
   defining Unicode char U+014C (decimal 332)
   defining Unicode char U+014D (decimal 333)
   defining Unicode char U+014E (decimal 334)
   defining Unicode char U+014F (decimal 335)
   defining Unicode char U+0150 (decimal 336)
   defining Unicode char U+0151 (decimal 337)
   defining Unicode char U+0152 (decimal 338)
   defining Unicode char U+0153 (decimal 339)
   defining Unicode char U+0154 (decimal 340)
   defining Unicode char U+0155 (decimal 341)
   defining Unicode char U+0156 (decimal 342)
   defining Unicode char U+0157 (decimal 343)
   defining Unicode char U+0158 (decimal 344)
   defining Unicode char U+0159 (decimal 345)
   defining Unicode char U+015A (decimal 346)
   defining Unicode char U+015B (decimal 347)
   defining Unicode char U+015C (decimal 348)
   defining Unicode char U+015D (decimal 349)
   defining Unicode char U+015E (decimal 350)
   defining Unicode char U+015F (decimal 351)
   defining Unicode char U+0160 (decimal 352)
   defining Unicode char U+0161 (decimal 353)
   defining Unicode char U+0162 (decimal 354)
   defining Unicode char U+0163 (decimal 355)
   defining Unicode char U+0164 (decimal 356)
   defining Unicode char U+0165 (decimal 357)
   defining Unicode char U+0168 (decimal 360)
   defining Unicode char U+0169 (decimal 361)
   defining Unicode char U+016A (decimal 362)
   defining Unicode char U+016B (decimal 363)
   defining Unicode char U+016C (decimal 364)
   defining Unicode char U+016D (decimal 365)
   defining Unicode char U+016E (decimal 366)
   defining Unicode char U+016F (decimal 367)
   defining Unicode char U+0170 (decimal 368)
   defining Unicode char U+0171 (decimal 369)
   defining Unicode char U+0172 (decimal 370)
   defining Unicode char U+0173 (decimal 371)
   defining Unicode char U+0174 (decimal 372)
   defining Unicode char U+0175 (decimal 373)
   defining Unicode char U+0176 (decimal 374)
   defining Unicode char U+0177 (decimal 375)
   defining Unicode char U+0178 (decimal 376)
   defining Unicode char U+0179 (decimal 377)
   defining Unicode char U+017A (decimal 378)
   defining Unicode char U+017B (decimal 379)
   defining Unicode char U+017C (decimal 380)
   defining Unicode char U+017D (decimal 381)
   defining Unicode char U+017E (decimal 382)
   defining Unicode char U+01CD (decimal 461)
   defining Unicode char U+01CE (decimal 462)
   defining Unicode char U+01CF (decimal 463)
   defining Unicode char U+01D0 (decimal 464)
   defining Unicode char U+01D1 (decimal 465)
   defining Unicode char U+01D2 (decimal 466)
   defining Unicode char U+01D3 (decimal 467)
   defining Unicode char U+01D4 (decimal 468)
   defining Unicode char U+01E2 (decimal 482)
   defining Unicode char U+01E3 (decimal 483)
   defining Unicode char U+01E6 (decimal 486)
   defining Unicode char U+01E7 (decimal 487)
   defining Unicode char U+01E8 (decimal 488)
   defining Unicode char U+01E9 (decimal 489)
   defining Unicode char U+01EA (decimal 490)
   defining Unicode char U+01EB (decimal 491)
   defining Unicode char U+01F0 (decimal 496)
   defining Unicode char U+01F4 (decimal 500)
   defining Unicode char U+01F5 (decimal 501)
   defining Unicode char U+0218 (decimal 536)
   defining Unicode char U+0219 (decimal 537)
   defining Unicode char U+021A (decimal 538)
   defining Unicode char U+021B (decimal 539)
   defining Unicode char U+1E02 (decimal 7682)
   defining Unicode char U+1E03 (decimal 7683)
   defining Unicode char U+200C (decimal 8204)
   defining Unicode char U+2010 (decimal 8208)
   defining Unicode char U+2011 (decimal 8209)
   defining Unicode char U+2012 (decimal 8210)
   defining Unicode char U+2013 (decimal 8211)
   defining Unicode char U+2014 (decimal 8212)
   defining Unicode char U+2015 (decimal 8213)
   defining Unicode char U+2018 (decimal 8216)
   defining Unicode char U+2019 (decimal 8217)
   defining Unicode char U+201A (decimal 8218)
   defining Unicode char U+201C (decimal 8220)
   defining Unicode char U+201D (decimal 8221)
   defining Unicode char U+201E (decimal 8222)
   defining Unicode char U+2030 (decimal 8240)
   defining Unicode char U+2031 (decimal 8241)
   defining Unicode char U+2039 (decimal 8249)
   defining Unicode char U+203A (decimal 8250)
   defining Unicode char U+2423 (decimal 9251)
)
Now handling font encoding OT1 ...
... processing UTF-8 mapping file for font encoding OT1

("e:\Program Files\MiKTeX 2.9\tex\latex\base\ot1enc.dfu"
File: ot1enc.dfu 2016/02/28 v1.1s UTF-8 support for inputenc
   defining Unicode char U+00A0 (decimal 160)
   defining Unicode char U+00A1 (decimal 161)
   defining Unicode char U+00A3 (decimal 163)
   defining Unicode char U+00AD (decimal 173)
   defining Unicode char U+00B8 (decimal 184)
   defining Unicode char U+00BF (decimal 191)
   defining Unicode char U+00C5 (decimal 197)
   defining Unicode char U+00C6 (decimal 198)
   defining Unicode char U+00D8 (decimal 216)
   defining Unicode char U+00DF (decimal 223)
   defining Unicode char U+00E6 (decimal 230)
   defining Unicode char U+00EC (decimal 236)
   defining Unicode char U+00ED (decimal 237)
   defining Unicode char U+00EE (decimal 238)
   defining Unicode char U+00EF (decimal 239)
   defining Unicode char U+00F8 (decimal 248)
   defining Unicode char U+0131 (decimal 305)
   defining Unicode char U+0141 (decimal 321)
   defining Unicode char U+0142 (decimal 322)
   defining Unicode char U+0152 (decimal 338)
   defining Unicode char U+0153 (decimal 339)
   defining Unicode char U+0174 (decimal 372)
   defining Unicode char U+0175 (decimal 373)
   defining Unicode char U+0176 (decimal 374)
   defining Unicode char U+0177 (decimal 375)
   defining Unicode char U+0218 (decimal 536)
   defining Unicode char U+0219 (decimal 537)
   defining Unicode char U+021A (decimal 538)
   defining Unicode char U+021B (decimal 539)
   defining Unicode char U+2013 (decimal 8211)
   defining Unicode char U+2014 (decimal 8212)
   defining Unicode char U+2018 (decimal 8216)
   defining Unicode char U+2019 (decimal 8217)
   defining Unicode char U+201C (decimal 8220)
   defining Unicode char U+201D (decimal 8221)
)
Now handling font encoding OMS ...
... processing UTF-8 mapping file for font encoding OMS

("e:\Program Files\MiKTeX 2.9\tex\latex\base\omsenc.dfu"
File: omsenc.dfu 2016/02/28 v1.1s UTF-8 support for inputenc
   defining Unicode char U+00A7 (decimal 167)
   defining Unicode char U+00B6 (decimal 182)
   defining Unicode char U+00B7 (decimal 183)
   defining Unicode char U+2020 (decimal 8224)
   defining Unicode char U+2021 (decimal 8225)
   defining Unicode char U+2022 (decimal 8226)
)
Now handling font encoding OMX ...
... no UTF-8 mapping file for font encoding OMX
Now handling font encoding U ...
... no UTF-8 mapping file for font encoding U
   defining Unicode char U+00A9 (decimal 169)
   defining Unicode char U+00AA (decimal 170)
   defining Unicode char U+00AE (decimal 174)
   defining Unicode char U+00BA (decimal 186)
   defining Unicode char U+02C6 (decimal 710)
   defining Unicode char U+02DC (decimal 732)
   defining Unicode char U+200C (decimal 8204)
   defining Unicode char U+2026 (decimal 8230)
   defining Unicode char U+2122 (decimal 8482)
   defining Unicode char U+2423 (decimal 9251)
))
("e:\Program Files\MiKTeX 2.9\tex\latex\base\fontenc.sty"
Package: fontenc 2016/06/19 v1.99m Standard LaTeX package

("e:\Program Files\MiKTeX 2.9\tex\latex\base\t1enc.def"
File: t1enc.def 2016/06/19 v1.99m Standard LaTeX file
LaTeX Font Info:    Redeclaring font encoding T1 on input line 48.
))
("e:\Program Files\MiKTeX 2.9\tex\latex\hyperref\hyperref.sty"
Package: hyperref 2016/06/24 v6.83q Hypertext links for LaTeX

("e:\Program Files\MiKTeX 2.9\tex\generic\oberdiek\hobsub-hyperref.sty"
Package: hobsub-hyperref 2016/05/16 v1.14 Bundle oberdiek, subset hyperref (HO)


("e:\Program Files\MiKTeX 2.9\tex\generic\oberdiek\hobsub-generic.sty"
Package: hobsub-generic 2016/05/16 v1.14 Bundle oberdiek, subset generic (HO)
Package: hobsub 2016/05/16 v1.14 Construct package bundles (HO)
Package: infwarerr 2016/05/16 v1.4 Providing info/warning/error messages (HO)
Package: ltxcmds 2016/05/16 v1.23 LaTeX kernel commands for general use (HO)
Package: ifluatex 2016/05/16 v1.4 Provides the ifluatex switch (HO)
Package ifluatex Info: LuaTeX not detected.
Package hobsub Info: Skipping package `ifvtex' (already loaded).
Package: intcalc 2016/05/16 v1.2 Expandable calculations with integers (HO)
Package hobsub Info: Skipping package `ifpdf' (already loaded).
Package: etexcmds 2016/05/16 v1.6 Avoid name clashes with e-TeX commands (HO)
Package etexcmds Info: Could not find \expanded.
(etexcmds)             That can mean that you are not using pdfTeX 1.50 or
(etexcmds)             that some package has redefined \expanded.
(etexcmds)             In the latter case, load this package earlier.
Package: kvsetkeys 2016/05/16 v1.17 Key value parser (HO)
Package: kvdefinekeys 2016/05/16 v1.4 Define keys (HO)
Package: pdftexcmds 2016/05/21 v0.22 Utility functions of pdfTeX for LuaTeX (HO
)
Package pdftexcmds Info: LuaTeX not detected.
Package pdftexcmds Info: \pdf@primitive is available.
Package pdftexcmds Info: \pdf@ifprimitive is available.
Package pdftexcmds Info: \pdfdraftmode found.
Package: pdfescape 2016/05/16 v1.14 Implements pdfTeX's escape features (HO)
Package: bigintcalc 2016/05/16 v1.4 Expandable calculations on big integers (HO
)
Package: bitset 2016/05/16 v1.2 Handle bit-vector datatype (HO)
Package: uniquecounter 2016/05/16 v1.3 Provide unlimited unique counter (HO)
)
Package hobsub Info: Skipping package `hobsub' (already loaded).
Package: letltxmacro 2016/05/16 v1.5 Let assignment for LaTeX macros (HO)
Package: hopatch 2016/05/16 v1.3 Wrapper for package hooks (HO)
Package: xcolor-patch 2016/05/16 xcolor patch
Package: atveryend 2016/05/16 v1.9 Hooks at the very end of document (HO)
Package atveryend Info: \enddocument detected (standard20110627).
Package: atbegshi 2016/06/09 v1.18 At begin shipout hook (HO)
Package: refcount 2016/05/16 v3.5 Data extraction from label references (HO)
Package: hycolor 2016/05/16 v1.8 Color options for hyperref/bookmark (HO)
)
("e:\Program Files\MiKTeX 2.9\tex\latex\oberdiek\auxhook.sty"
Package: auxhook 2016/05/16 v1.4 Hooks for auxiliary files (HO)
)
("e:\Program Files\MiKTeX 2.9\tex\latex\oberdiek\kvoptions.sty"
Package: kvoptions 2016/05/16 v3.12 Key value format for package options (HO)
)
\@linkdim=\dimen116
\Hy@linkcounter=\count98
\Hy@pagecounter=\count99

("e:\Program Files\MiKTeX 2.9\tex\latex\hyperref\pd1enc.def"
File: pd1enc.def 2016/06/24 v6.83q Hyperref: PDFDocEncoding definition (HO)
Now handling font encoding PD1 ...
... no UTF-8 mapping file for font encoding PD1
)
\Hy@SavedSpaceFactor=\count100

("e:\Program Files\MiKTeX 2.9\tex\latex\00miktex\hyperref.cfg"
File: hyperref.cfg 2002/06/06 v1.2 hyperref configuration of TeXLive
)
Package hyperref Info: Hyper figures OFF on input line 4486.
Package hyperref Info: Link nesting OFF on input line 4491.
Package hyperref Info: Hyper index ON on input line 4494.
Package hyperref Info: Plain pages OFF on input line 4501.
Package hyperref Info: Backreferencing OFF on input line 4506.
Package hyperref Info: Implicit mode ON; LaTeX internals redefined.
Package hyperref Info: Bookmarks ON on input line 4735.
\c@Hy@tempcnt=\count101

(C:\Users\geraw_000\AppData\Roaming\MiKTeX\2.9\tex\latex\url\url.sty
\Urlmuskip=\muskip10
Package: url 2013/09/16  ver 3.4  Verb mode for urls, etc.
)
LaTeX Info: Redefining \url on input line 5088.
\XeTeXLinkMargin=\dimen117
\Fld@menulength=\count102
\Field@Width=\dimen118
\Fld@charsize=\dimen119
Package hyperref Info: Hyper figures OFF on input line 6342.
Package hyperref Info: Link nesting OFF on input line 6347.
Package hyperref Info: Hyper index ON on input line 6350.
Package hyperref Info: backreferencing OFF on input line 6357.
Package hyperref Info: Link coloring OFF on input line 6362.
Package hyperref Info: Link coloring with OCG OFF on input line 6367.
Package hyperref Info: PDF/A mode OFF on input line 6372.
LaTeX Info: Redefining \ref on input line 6412.
LaTeX Info: Redefining \pageref on input line 6416.
\Hy@abspage=\count103
\c@Item=\count104
\c@Hfootnote=\count105
)

Package hyperref Message: Driver (autodetected): hpdftex.

("e:\Program Files\MiKTeX 2.9\tex\latex\hyperref\hpdftex.def"
File: hpdftex.def 2016/06/24 v6.83q Hyperref driver for pdfTeX
\Fld@listcount=\count106
\c@bookmark@seq@number=\count107

("e:\Program Files\MiKTeX 2.9\tex\latex\oberdiek\rerunfilecheck.sty"
Package: rerunfilecheck 2016/05/16 v1.8 Rerun checks for auxiliary files (HO)
Package uniquecounter Info: New unique counter `rerunfilecheck' on input line 2
82.
)
\Hy@SectionHShift=\skip47
)
(C:\Users\geraw_000\AppData\Roaming\MiKTeX\2.9\tex\latex\booktabs\booktabs.sty
Package: booktabs 2005/04/14 v1.61803 publication quality tables
\heavyrulewidth=\dimen120
\lightrulewidth=\dimen121
\cmidrulewidth=\dimen122
\belowrulesep=\dimen123
\belowbottomsep=\dimen124
\aboverulesep=\dimen125
\abovetopsep=\dimen126
\cmidrulesep=\dimen127
\cmidrulekern=\dimen128
\defaultaddspace=\dimen129
\@cmidla=\count108
\@cmidlb=\count109
\@aboverulesep=\dimen130
\@belowrulesep=\dimen131
\@thisruleclass=\count110
\@lastruleclass=\count111
\@thisrulewidth=\dimen132
) ("e:\Program Files\MiKTeX 2.9\tex\latex\amsfonts\amsfonts.sty"
Package: amsfonts 2013/01/14 v3.01 Basic AMSFonts support
\@emptytoks=\toks19
\symAMSa=\mathgroup4
\symAMSb=\mathgroup5
LaTeX Font Info:    Overwriting math alphabet `\mathfrak' in version `bold'
(Font)                  U/euf/m/n --> U/euf/b/n on input line 106.
)
("e:\Program Files\MiKTeX 2.9\tex\latex\amsfonts\amssymb.sty"
Package: amssymb 2013/01/14 v3.01 AMS font symbols
)
("e:\Program Files\MiKTeX 2.9\tex\latex\amsmath\amsmath.sty"
Package: amsmath 2016/06/28 v2.15d AMS math features
\@mathmargin=\skip48

For additional information on amsmath, use the `?' option.
("e:\Program Files\MiKTeX 2.9\tex\latex\amsmath\amstext.sty"
Package: amstext 2000/06/29 v2.01 AMS text

("e:\Program Files\MiKTeX 2.9\tex\latex\amsmath\amsgen.sty"
File: amsgen.sty 1999/11/30 v2.0 generic functions
\@emptytoks=\toks20
\ex@=\dimen133
))
("e:\Program Files\MiKTeX 2.9\tex\latex\amsmath\amsbsy.sty"
Package: amsbsy 1999/11/29 v1.2d Bold Symbols
\pmbraise@=\dimen134
)
("e:\Program Files\MiKTeX 2.9\tex\latex\amsmath\amsopn.sty"
Package: amsopn 2016/03/08 v2.02 operator names
)
\inf@bad=\count112
LaTeX Info: Redefining \frac on input line 199.
\uproot@=\count113
\leftroot@=\count114
LaTeX Info: Redefining \overline on input line 297.
\classnum@=\count115
\DOTSCASE@=\count116
LaTeX Info: Redefining \ldots on input line 394.
LaTeX Info: Redefining \dots on input line 397.
LaTeX Info: Redefining \cdots on input line 518.
\Mathstrutbox@=\box27
\strutbox@=\box28
\big@size=\dimen135
LaTeX Font Info:    Redeclaring font encoding OML on input line 634.
LaTeX Font Info:    Redeclaring font encoding OMS on input line 635.
\macc@depth=\count117
\c@MaxMatrixCols=\count118
\dotsspace@=\muskip11
\c@parentequation=\count119
\dspbrk@lvl=\count120
\tag@help=\toks21
\row@=\count121
\column@=\count122
\maxfields@=\count123
\andhelp@=\toks22
\eqnshift@=\dimen136
\alignsep@=\dimen137
\tagshift@=\dimen138
\tagwidth@=\dimen139
\totwidth@=\dimen140
\lineht@=\dimen141
\@envbody=\toks23
\multlinegap=\skip49
\multlinetaggap=\skip50
\mathdisplay@stack=\toks24
LaTeX Info: Redefining \[ on input line 2739.
LaTeX Info: Redefining \] on input line 2740.
)
("e:\Program Files\MiKTeX 2.9\tex\latex\amscls\amsthm.sty"
Package: amsthm 2015/03/04 v2.20.2
\thm@style=\toks25
\thm@bodyfont=\toks26
\thm@headfont=\toks27
\thm@notefont=\toks28
\thm@headpunct=\toks29
\thm@preskip=\skip51
\thm@postskip=\skip52
\thm@headsep=\skip53
\dth@everypar=\toks30
)
("e:\Program Files\MiKTeX 2.9\tex\latex\float\float.sty"
Package: float 2001/11/08 v1.3d Float enhancements (AL)
\c@float@type=\count124
\float@exts=\toks31
\float@box=\box29
\@float@everytoks=\toks32
\@floatcapt=\box30
)
(C:\Users\geraw_000\AppData\Roaming\MiKTeX\2.9\tex\latex\setspace\setspace.sty
Package: setspace 2011/12/19 v6.7a set line spacing
)
(C:\Users\geraw_000\AppData\Roaming\MiKTeX\2.9\tex\latex\todonotes\todonotes.st
y
Package: todonotes 2015/07/09 .dtx Todonotes source and documentation.
Package: todonotes 2012/07/25
 ("e:\Program Files\MiKTeX 2.9\tex\latex\base\ifthen.sty"
Package: ifthen 2014/09/29 v1.1c Standard LaTeX ifthen package (DPC)
)
("e:\Program Files\MiKTeX 2.9\tex\latex\xkeyval\xkeyval.sty"
Package: xkeyval 2014/12/03 v2.7a package option processing (HA)

("e:\Program Files\MiKTeX 2.9\tex\generic\xkeyval\xkeyval.tex"
("e:\Program Files\MiKTeX 2.9\tex\generic\xkeyval\xkvutils.tex"
\XKV@toks=\toks33
\XKV@tempa@toks=\toks34
)
\XKV@depth=\count125
File: xkeyval.tex 2014/12/03 v2.7a key=value parser (HA)
))
(C:\Users\geraw_000\AppData\Roaming\MiKTeX\2.9\tex\latex\xcolor\xcolor.sty
Package: xcolor 2016/05/11 v2.12 LaTeX color extensions (UK)

("e:\Program Files\MiKTeX 2.9\tex\latex\00miktex\color.cfg"
File: color.cfg 2016/01/02 v1.6 sample color configuration
)
Package xcolor Info: Driver file: pdftex.def on input line 225.

("e:\Program Files\MiKTeX 2.9\tex\latex\graphics-def\pdftex.def"
File: pdftex.def 2016/07/10 v0.06j Graphics/color for pdfTeX
\Gread@gobject=\count126
)
Package xcolor Info: Model `cmy' substituted by `cmy0' on input line 1348.
Package xcolor Info: Model `hsb' substituted by `rgb' on input line 1352.
Package xcolor Info: Model `RGB' extended on input line 1364.
Package xcolor Info: Model `HTML' substituted by `rgb' on input line 1366.
Package xcolor Info: Model `Hsb' substituted by `hsb' on input line 1367.
Package xcolor Info: Model `tHsb' substituted by `hsb' on input line 1368.
Package xcolor Info: Model `HSB' substituted by `hsb' on input line 1369.
Package xcolor Info: Model `Gray' substituted by `gray' on input line 1370.
Package xcolor Info: Model `wave' substituted by `hsb' on input line 1371.
)
(C:\Users\geraw_000\AppData\Roaming\MiKTeX\2.9\tex\latex\pgf\frontendlayer\tikz
.sty
(C:\Users\geraw_000\AppData\Roaming\MiKTeX\2.9\tex\latex\pgf\basiclayer\pgf.sty

(C:\Users\geraw_000\AppData\Roaming\MiKTeX\2.9\tex\latex\pgf\utilities\pgfrcs.s
ty
(C:\Users\geraw_000\AppData\Roaming\MiKTeX\2.9\tex\generic\pgf\utilities\pgfuti
l-common.tex
\pgfutil@everybye=\toks35
\pgfutil@tempdima=\dimen142
\pgfutil@tempdimb=\dimen143

(C:\Users\geraw_000\AppData\Roaming\MiKTeX\2.9\tex\generic\pgf\utilities\pgfuti
l-common-lists.tex))
(C:\Users\geraw_000\AppData\Roaming\MiKTeX\2.9\tex\generic\pgf\utilities\pgfuti
l-latex.def
\pgfutil@abb=\box31

(C:\Users\geraw_000\AppData\Roaming\MiKTeX\2.9\tex\latex\ms\everyshi.sty
Package: everyshi 2001/05/15 v3.00 EveryShipout Package (MS)
))
(C:\Users\geraw_000\AppData\Roaming\MiKTeX\2.9\tex\generic\pgf\utilities\pgfrcs
.code.tex
Package: pgfrcs 2015/08/07 v3.0.1a (rcs-revision 1.31)
))
Package: pgf 2015/08/07 v3.0.1a (rcs-revision 1.15)

(C:\Users\geraw_000\AppData\Roaming\MiKTeX\2.9\tex\latex\pgf\basiclayer\pgfcore
.sty ("e:\Program Files\MiKTeX 2.9\tex\latex\graphics\graphicx.sty"
Package: graphicx 2014/10/28 v1.0g Enhanced LaTeX Graphics (DPC,SPQR)

("e:\Program Files\MiKTeX 2.9\tex\latex\graphics\graphics.sty"
Package: graphics 2016/07/10 v1.0t Standard LaTeX Graphics (DPC,SPQR)

("e:\Program Files\MiKTeX 2.9\tex\latex\graphics\trig.sty"
Package: trig 2016/01/03 v1.10 sin cos tan (DPC)
)
("e:\Program Files\MiKTeX 2.9\tex\latex\00miktex\graphics.cfg"
File: graphics.cfg 2016/06/04 v1.11 sample graphics configuration
)
Package graphics Info: Driver file: pdftex.def on input line 99.
)
\Gin@req@height=\dimen144
\Gin@req@width=\dimen145
)
(C:\Users\geraw_000\AppData\Roaming\MiKTeX\2.9\tex\latex\pgf\systemlayer\pgfsys
.sty
(C:\Users\geraw_000\AppData\Roaming\MiKTeX\2.9\tex\generic\pgf\systemlayer\pgfs
ys.code.tex
Package: pgfsys 2014/07/09 v3.0.1a (rcs-revision 1.48)

(C:\Users\geraw_000\AppData\Roaming\MiKTeX\2.9\tex\generic\pgf\utilities\pgfkey
s.code.tex
\pgfkeys@pathtoks=\toks36
\pgfkeys@temptoks=\toks37

(C:\Users\geraw_000\AppData\Roaming\MiKTeX\2.9\tex\generic\pgf\utilities\pgfkey
sfiltered.code.tex
\pgfkeys@tmptoks=\toks38
))
\pgf@x=\dimen146
\pgf@y=\dimen147
\pgf@xa=\dimen148
\pgf@ya=\dimen149
\pgf@xb=\dimen150
\pgf@yb=\dimen151
\pgf@xc=\dimen152
\pgf@yc=\dimen153
\w@pgf@writea=\write3
\r@pgf@reada=\read1
\c@pgf@counta=\count127
\c@pgf@countb=\count128
\c@pgf@countc=\count129
\c@pgf@countd=\count130
\t@pgf@toka=\toks39
\t@pgf@tokb=\toks40
\t@pgf@tokc=\toks41

(C:\Users\geraw_000\AppData\Roaming\MiKTeX\2.9\tex\generic\pgf\systemlayer\pgf.
cfg
File: pgf.cfg 2008/05/14  (rcs-revision 1.7)
)
Driver file for pgf: pgfsys-pdftex.def

(C:\Users\geraw_000\AppData\Roaming\MiKTeX\2.9\tex\generic\pgf\systemlayer\pgfs
ys-pdftex.def
File: pgfsys-pdftex.def 2014/10/11  (rcs-revision 1.35)

(C:\Users\geraw_000\AppData\Roaming\MiKTeX\2.9\tex\generic\pgf\systemlayer\pgfs
ys-common-pdf.def
File: pgfsys-common-pdf.def 2013/10/10  (rcs-revision 1.13)
)))
(C:\Users\geraw_000\AppData\Roaming\MiKTeX\2.9\tex\generic\pgf\systemlayer\pgfs
yssoftpath.code.tex
File: pgfsyssoftpath.code.tex 2013/09/09  (rcs-revision 1.9)
\pgfsyssoftpath@smallbuffer@items=\count131
\pgfsyssoftpath@bigbuffer@items=\count132
)
(C:\Users\geraw_000\AppData\Roaming\MiKTeX\2.9\tex\generic\pgf\systemlayer\pgfs
ysprotocol.code.tex
File: pgfsysprotocol.code.tex 2006/10/16  (rcs-revision 1.4)
))
(C:\Users\geraw_000\AppData\Roaming\MiKTeX\2.9\tex\generic\pgf\basiclayer\pgfco
re.code.tex
Package: pgfcore 2010/04/11 v3.0.1a (rcs-revision 1.7)

(C:\Users\geraw_000\AppData\Roaming\MiKTeX\2.9\tex\generic\pgf\math\pgfmath.cod
e.tex
(C:\Users\geraw_000\AppData\Roaming\MiKTeX\2.9\tex\generic\pgf\math\pgfmathcalc
.code.tex
(C:\Users\geraw_000\AppData\Roaming\MiKTeX\2.9\tex\generic\pgf\math\pgfmathutil
.code.tex)
(C:\Users\geraw_000\AppData\Roaming\MiKTeX\2.9\tex\generic\pgf\math\pgfmathpars
er.code.tex
\pgfmath@dimen=\dimen154
\pgfmath@count=\count133
\pgfmath@box=\box32
\pgfmath@toks=\toks42
\pgfmath@stack@operand=\toks43
\pgfmath@stack@operation=\toks44
)
(C:\Users\geraw_000\AppData\Roaming\MiKTeX\2.9\tex\generic\pgf\math\pgfmathfunc
tions.code.tex
(C:\Users\geraw_000\AppData\Roaming\MiKTeX\2.9\tex\generic\pgf\math\pgfmathfunc
tions.basic.code.tex)
(C:\Users\geraw_000\AppData\Roaming\MiKTeX\2.9\tex\generic\pgf\math\pgfmathfunc
tions.trigonometric.code.tex)
(C:\Users\geraw_000\AppData\Roaming\MiKTeX\2.9\tex\generic\pgf\math\pgfmathfunc
tions.random.code.tex)
(C:\Users\geraw_000\AppData\Roaming\MiKTeX\2.9\tex\generic\pgf\math\pgfmathfunc
tions.comparison.code.tex)
(C:\Users\geraw_000\AppData\Roaming\MiKTeX\2.9\tex\generic\pgf\math\pgfmathfunc
tions.base.code.tex)
(C:\Users\geraw_000\AppData\Roaming\MiKTeX\2.9\tex\generic\pgf\math\pgfmathfunc
tions.round.code.tex)
(C:\Users\geraw_000\AppData\Roaming\MiKTeX\2.9\tex\generic\pgf\math\pgfmathfunc
tions.misc.code.tex)
(C:\Users\geraw_000\AppData\Roaming\MiKTeX\2.9\tex\generic\pgf\math\pgfmathfunc
tions.integerarithmetics.code.tex)))
(C:\Users\geraw_000\AppData\Roaming\MiKTeX\2.9\tex\generic\pgf\math\pgfmathfloa
t.code.tex
\c@pgfmathroundto@lastzeros=\count134
))
(C:\Users\geraw_000\AppData\Roaming\MiKTeX\2.9\tex\generic\pgf\basiclayer\pgfco
repoints.code.tex
File: pgfcorepoints.code.tex 2013/10/07  (rcs-revision 1.27)
\pgf@picminx=\dimen155
\pgf@picmaxx=\dimen156
\pgf@picminy=\dimen157
\pgf@picmaxy=\dimen158
\pgf@pathminx=\dimen159
\pgf@pathmaxx=\dimen160
\pgf@pathminy=\dimen161
\pgf@pathmaxy=\dimen162
\pgf@xx=\dimen163
\pgf@xy=\dimen164
\pgf@yx=\dimen165
\pgf@yy=\dimen166
\pgf@zx=\dimen167
\pgf@zy=\dimen168
)
(C:\Users\geraw_000\AppData\Roaming\MiKTeX\2.9\tex\generic\pgf\basiclayer\pgfco
repathconstruct.code.tex
File: pgfcorepathconstruct.code.tex 2013/10/07  (rcs-revision 1.29)
\pgf@path@lastx=\dimen169
\pgf@path@lasty=\dimen170
)
(C:\Users\geraw_000\AppData\Roaming\MiKTeX\2.9\tex\generic\pgf\basiclayer\pgfco
repathusage.code.tex
File: pgfcorepathusage.code.tex 2014/11/02  (rcs-revision 1.24)
\pgf@shorten@end@additional=\dimen171
\pgf@shorten@start@additional=\dimen172
)
(C:\Users\geraw_000\AppData\Roaming\MiKTeX\2.9\tex\generic\pgf\basiclayer\pgfco
rescopes.code.tex
File: pgfcorescopes.code.tex 2015/05/08  (rcs-revision 1.46)
\pgfpic=\box33
\pgf@hbox=\box34
\pgf@layerbox@main=\box35
\pgf@picture@serial@count=\count135
)
(C:\Users\geraw_000\AppData\Roaming\MiKTeX\2.9\tex\generic\pgf\basiclayer\pgfco
regraphicstate.code.tex
File: pgfcoregraphicstate.code.tex 2014/11/02  (rcs-revision 1.12)
\pgflinewidth=\dimen173
)
(C:\Users\geraw_000\AppData\Roaming\MiKTeX\2.9\tex\generic\pgf\basiclayer\pgfco
retransformations.code.tex
File: pgfcoretransformations.code.tex 2015/08/07  (rcs-revision 1.20)
\pgf@pt@x=\dimen174
\pgf@pt@y=\dimen175
\pgf@pt@temp=\dimen176
)
(C:\Users\geraw_000\AppData\Roaming\MiKTeX\2.9\tex\generic\pgf\basiclayer\pgfco
requick.code.tex
File: pgfcorequick.code.tex 2008/10/09  (rcs-revision 1.3)
)
(C:\Users\geraw_000\AppData\Roaming\MiKTeX\2.9\tex\generic\pgf\basiclayer\pgfco
reobjects.code.tex
File: pgfcoreobjects.code.tex 2006/10/11  (rcs-revision 1.2)
)
(C:\Users\geraw_000\AppData\Roaming\MiKTeX\2.9\tex\generic\pgf\basiclayer\pgfco
repathprocessing.code.tex
File: pgfcorepathprocessing.code.tex 2013/09/09  (rcs-revision 1.9)
)
(C:\Users\geraw_000\AppData\Roaming\MiKTeX\2.9\tex\generic\pgf\basiclayer\pgfco
rearrows.code.tex
File: pgfcorearrows.code.tex 2015/05/14  (rcs-revision 1.43)
\pgfarrowsep=\dimen177
)
(C:\Users\geraw_000\AppData\Roaming\MiKTeX\2.9\tex\generic\pgf\basiclayer\pgfco
reshade.code.tex
File: pgfcoreshade.code.tex 2013/07/15  (rcs-revision 1.15)
\pgf@max=\dimen178
\pgf@sys@shading@range@num=\count136
)
(C:\Users\geraw_000\AppData\Roaming\MiKTeX\2.9\tex\generic\pgf\basiclayer\pgfco
reimage.code.tex
File: pgfcoreimage.code.tex 2013/07/15  (rcs-revision 1.18)

(C:\Users\geraw_000\AppData\Roaming\MiKTeX\2.9\tex\generic\pgf\basiclayer\pgfco
reexternal.code.tex
File: pgfcoreexternal.code.tex 2014/07/09  (rcs-revision 1.21)
\pgfexternal@startupbox=\box36
))
(C:\Users\geraw_000\AppData\Roaming\MiKTeX\2.9\tex\generic\pgf\basiclayer\pgfco
relayers.code.tex
File: pgfcorelayers.code.tex 2013/07/18  (rcs-revision 1.7)
)
(C:\Users\geraw_000\AppData\Roaming\MiKTeX\2.9\tex\generic\pgf\basiclayer\pgfco
retransparency.code.tex
File: pgfcoretransparency.code.tex 2013/09/30  (rcs-revision 1.5)
)
(C:\Users\geraw_000\AppData\Roaming\MiKTeX\2.9\tex\generic\pgf\basiclayer\pgfco
repatterns.code.tex
File: pgfcorepatterns.code.tex 2013/11/07  (rcs-revision 1.5)
)))
(C:\Users\geraw_000\AppData\Roaming\MiKTeX\2.9\tex\generic\pgf\modules\pgfmodul
eshapes.code.tex
File: pgfmoduleshapes.code.tex 2014/03/21  (rcs-revision 1.35)
\pgfnodeparttextbox=\box37
)
(C:\Users\geraw_000\AppData\Roaming\MiKTeX\2.9\tex\generic\pgf\modules\pgfmodul
eplot.code.tex
File: pgfmoduleplot.code.tex 2015/08/03  (rcs-revision 1.13)
)
(C:\Users\geraw_000\AppData\Roaming\MiKTeX\2.9\tex\latex\pgf\compatibility\pgfc
omp-version-0-65.sty
Package: pgfcomp-version-0-65 2007/07/03 v3.0.1a (rcs-revision 1.7)
\pgf@nodesepstart=\dimen179
\pgf@nodesepend=\dimen180
)
(C:\Users\geraw_000\AppData\Roaming\MiKTeX\2.9\tex\latex\pgf\compatibility\pgfc
omp-version-1-18.sty
Package: pgfcomp-version-1-18 2007/07/23 v3.0.1a (rcs-revision 1.1)
))
(C:\Users\geraw_000\AppData\Roaming\MiKTeX\2.9\tex\latex\pgf\utilities\pgffor.s
ty
(C:\Users\geraw_000\AppData\Roaming\MiKTeX\2.9\tex\latex\pgf\utilities\pgfkeys.
sty
(C:\Users\geraw_000\AppData\Roaming\MiKTeX\2.9\tex\generic\pgf\utilities\pgfkey
s.code.tex))
(C:\Users\geraw_000\AppData\Roaming\MiKTeX\2.9\tex\latex\pgf\math\pgfmath.sty
(C:\Users\geraw_000\AppData\Roaming\MiKTeX\2.9\tex\generic\pgf\math\pgfmath.cod
e.tex))
(C:\Users\geraw_000\AppData\Roaming\MiKTeX\2.9\tex\generic\pgf\utilities\pgffor
.code.tex
Package: pgffor 2013/12/13 v3.0.1a (rcs-revision 1.25)

(C:\Users\geraw_000\AppData\Roaming\MiKTeX\2.9\tex\generic\pgf\math\pgfmath.cod
e.tex)
\pgffor@iter=\dimen181
\pgffor@skip=\dimen182
\pgffor@stack=\toks45
\pgffor@toks=\toks46
))
(C:\Users\geraw_000\AppData\Roaming\MiKTeX\2.9\tex\generic\pgf\frontendlayer\ti
kz\tikz.code.tex
Package: tikz 2015/08/07 v3.0.1a (rcs-revision 1.151)

(C:\Users\geraw_000\AppData\Roaming\MiKTeX\2.9\tex\generic\pgf\libraries\pgflib
raryplothandlers.code.tex
File: pgflibraryplothandlers.code.tex 2013/08/31 v3.0.1a (rcs-revision 1.20)
\pgf@plot@mark@count=\count137
\pgfplotmarksize=\dimen183
)
\tikz@lastx=\dimen184
\tikz@lasty=\dimen185
\tikz@lastxsaved=\dimen186
\tikz@lastysaved=\dimen187
\tikzleveldistance=\dimen188
\tikzsiblingdistance=\dimen189
\tikz@figbox=\box38
\tikz@figbox@bg=\box39
\tikz@tempbox=\box40
\tikz@tempbox@bg=\box41
\tikztreelevel=\count138
\tikznumberofchildren=\count139
\tikznumberofcurrentchild=\count140
\tikz@fig@count=\count141

(C:\Users\geraw_000\AppData\Roaming\MiKTeX\2.9\tex\generic\pgf\modules\pgfmodul
ematrix.code.tex
File: pgfmodulematrix.code.tex 2013/09/17  (rcs-revision 1.8)
\pgfmatrixcurrentrow=\count142
\pgfmatrixcurrentcolumn=\count143
\pgf@matrix@numberofcolumns=\count144
)
\tikz@expandcount=\count145

(C:\Users\geraw_000\AppData\Roaming\MiKTeX\2.9\tex\generic\pgf\frontendlayer\ti
kz\libraries\tikzlibrarytopaths.code.tex
File: tikzlibrarytopaths.code.tex 2008/06/17 v3.0.1a (rcs-revision 1.2)
)))
(C:\Users\geraw_000\AppData\Roaming\MiKTeX\2.9\tex\generic\pgf\frontendlayer\ti
kz\libraries\tikzlibrarypositioning.code.tex
File: tikzlibrarypositioning.code.tex 2008/10/06 v3.0.1a (rcs-revision 1.7)
)
("e:\Program Files\MiKTeX 2.9\tex\latex\tools\calc.sty"
Package: calc 2014/10/28 v4.3 Infix arithmetic (KKT,FJ)
\calc@Acount=\count146
\calc@Bcount=\count147
\calc@Adimen=\dimen190
\calc@Bdimen=\dimen191
\calc@Askip=\skip54
\calc@Bskip=\skip55
LaTeX Info: Redefining \setlength on input line 80.
LaTeX Info: Redefining \addtolength on input line 81.
\calc@Ccount=\count148
\calc@Cskip=\skip56
)
\c@@todonotes@numberoftodonotes=\count149
)
(C:\Users\geraw_000\AppData\Roaming\MiKTeX\2.9\tex\latex\algorithm2e\algorithm2
e.sty
Package: algorithm2e 2017/07/18 v5.2 algorithms environments
\c@AlgoLine=\count150
\algocf@hangindent=\skip57

(C:\Users\geraw_000\AppData\Roaming\MiKTeX\2.9\tex\latex\ifoddpage\ifoddpage.st
y
Package: ifoddpage 2016/04/23 v1.1 Conditionals for odd/even page detection
\c@checkoddpage=\count151
) ("e:\Program Files\MiKTeX 2.9\tex\latex\tools\xspace.sty"
Package: xspace 2014/10/28 v1.13 Space after command names (DPC,MH)
)
("e:\Program Files\MiKTeX 2.9\tex\latex\ltxmisc\relsize.sty"
Package: relsize 2003/07/04 ver 3.1
)
\skiptotal=\skip58
\skiplinenumber=\skip59
\skiprule=\skip60
\skiphlne=\skip61
\skiptext=\skip62
\skiplength=\skip63
\algomargin=\skip64
\skipalgocfslide=\skip65
\algowidth=\dimen192
\inoutsize=\dimen193
\inoutindent=\dimen194
\interspacetitleruled=\dimen195
\interspacealgoruled=\dimen196
\interspacetitleboxruled=\dimen197
\algocf@ruledwidth=\skip66
\algocf@inoutbox=\box42
\algocf@inputbox=\box43
\AlCapSkip=\skip67
\AlCapHSkip=\skip68
\algoskipindent=\skip69
\algocf@nlbox=\box44
\algocf@hangingbox=\box45
\algocf@untilbox=\box46
\algocf@skipuntil=\skip70
\algocf@capbox=\box47
\algocf@lcaptionbox=\skip71
\algoheightruledefault=\skip72
\algoheightrule=\skip73
\algotitleheightruledefault=\skip74
\algotitleheightrule=\skip75
\c@algocfline=\count152
\c@algocfproc=\count153
\c@algocf=\count154
\algocf@algoframe=\box48
\algocf@algobox=\box49
)
(C:\Users\geraw_000\AppData\Roaming\MiKTeX\2.9\tex\latex\makecell\makecell.sty
Package: makecell 2009/08/03 V0.1e Managing of Tab Column Heads and Cells

("e:\Program Files\MiKTeX 2.9\tex\latex\tools\array.sty"
Package: array 2014/10/28 v2.4c Tabular extension package (FMi)
\col@sep=\dimen198
\extrarowheight=\dimen199
\NC@list=\toks47
\extratabsurround=\skip76
\backup@length=\skip77
)
\rotheadsize=\dimen256
\c@nlinenum=\count155
\TeXr@lab=\toks48
)
(C:\Users\geraw_000\AppData\Roaming\MiKTeX\2.9\tex\latex\was\upgreek.sty
Package: upgreek 2003/02/12 v2.0 (WaS)
Package upgreek Info: Using Euler Roman for upright Greek on input line 31.
\symugrf@m=\mathgroup6
LaTeX Font Info:    Overwriting symbol font `ugrf@m' in version `bold'
(Font)                  U/eur/m/n --> U/eur/b/n on input line 38.
)
(C:\Users\geraw_000\AppData\Roaming\MiKTeX\2.9\tex\latex\pdfpages\pdfpages.sty
Package: pdfpages 2016/12/11 v0.5g Insert pages of external PDF documents (AM)

(C:\Users\geraw_000\AppData\Roaming\MiKTeX\2.9\tex\latex\eso-pic\eso-pic.sty
Package: eso-pic 2015/07/21 v2.0g eso-pic (RN)
)
\AM@pagewidth=\dimen257
\AM@pageheight=\dimen258

(C:\Users\geraw_000\AppData\Roaming\MiKTeX\2.9\tex\latex\pdfpages\pppdftex.def
File: pppdftex.def 2016/12/11 v0.5g Pdfpages driver for pdfTeX (AM)
)
\AM@pagebox=\box50
\AM@global@opts=\toks49
\AM@toc@title=\toks50
\c@AM@survey=\count156
\AM@templatesizebox=\box51
) ("e:\Program Files\MiKTeX 2.9\tex\latex\psnfss\times.sty"
Package: times 2005/04/12 PSNFSS-v9.2a (SPQR) 
)
("e:\Program Files\MiKTeX 2.9\tex\latex\multirow\multirow.sty"
\bigstrutjot=\dimen259
)
(C:\Users\geraw_000\AppData\Roaming\MiKTeX\2.9\tex\latex\appendix\appendix.sty
Package: appendix 2009/09/02 v1.2b extra appendix facilities
\c@@pps=\count157
\c@@ppsavesec=\count158
\c@@ppsaveapp=\count159
) (C:\Users\geraw_000\AppData\Roaming\MiKTeX\2.9\tex\latex\listings\listings.st
y
\lst@mode=\count160
\lst@gtempboxa=\box52
\lst@token=\toks51
\lst@length=\count161
\lst@currlwidth=\dimen260
\lst@column=\count162
\lst@pos=\count163
\lst@lostspace=\dimen261
\lst@width=\dimen262
\lst@newlines=\count164
\lst@lineno=\count165
\lst@maxwidth=\dimen263
(C:\Users\geraw_000\AppData\Roaming\MiKTeX\2.9\tex\latex\listings\lstmisc.sty
File: lstmisc.sty 2015/06/04 1.6 (Carsten Heinz)
\c@lstnumber=\count166
\lst@skipnumbers=\count167
\lst@framebox=\box53
)
(C:\Users\geraw_000\AppData\Roaming\MiKTeX\2.9\tex\latex\listings\listings.cfg
File: listings.cfg 2015/06/04 1.6 listings configuration
))
Package: listings 2015/06/04 1.6 (Carsten Heinz)
\c@thm=\count168
 (C:\Users\geraw_000\AppData\Roaming\MiKTeX\2.9\tex\latex\soul\soul.sty
Package: soul 2003/11/17 v2.4 letterspacing/underlining (mf)
\SOUL@word=\toks52
\SOUL@lasttoken=\toks53
\SOUL@cmds=\toks54
\SOUL@buffer=\toks55
\SOUL@token=\toks56
\SOUL@spaceskip=\skip78
\SOUL@ttwidth=\dimen264
\SOUL@uldp=\dimen265
\SOUL@ulht=\dimen266
)
(C:\Users\geraw_000\AppData\Roaming\MiKTeX\2.9\tex\generic\pgf\frontendlayer\ti
kz\libraries\tikzlibraryarrows.code.tex
File: tikzlibraryarrows.code.tex 2008/01/09 v3.0.1a (rcs-revision 1.1)

(C:\Users\geraw_000\AppData\Roaming\MiKTeX\2.9\tex\generic\pgf\libraries\pgflib
raryarrows.code.tex
File: pgflibraryarrows.code.tex 2013/09/23 v3.0.1a (rcs-revision 1.16)
\arrowsize=\dimen267
))
(C:\Users\geraw_000\AppData\Roaming\MiKTeX\2.9\tex\generic\pgf\frontendlayer\ti
kz\libraries\tikzlibraryshapes.geometric.code.tex
File: tikzlibraryshapes.geometric.code.tex 2008/01/09 v3.0.1a (rcs-revision 1.1
)

(C:\Users\geraw_000\AppData\Roaming\MiKTeX\2.9\tex\generic\pgf\libraries\shapes
\pgflibraryshapes.geometric.code.tex
File: pgflibraryshapes.geometric.code.tex 2008/06/26 v3.0.1a (rcs-revision 1.1)

))
(C:\Users\geraw_000\AppData\Roaming\MiKTeX\2.9\tex\generic\pgf\frontendlayer\ti
kz\libraries\tikzlibraryshapes.arrows.code.tex
File: tikzlibraryshapes.arrows.code.tex 2008/01/09 v3.0.1a (rcs-revision 1.1)

(C:\Users\geraw_000\AppData\Roaming\MiKTeX\2.9\tex\generic\pgf\libraries\shapes
\pgflibraryshapes.arrows.code.tex
File: pgflibraryshapes.arrows.code.tex 2008/06/26 v3.0.1a (rcs-revision 1.1)
))
(C:\Users\geraw_000\AppData\Roaming\MiKTeX\2.9\tex\latex\pgfplots\pgfplots.sty
(C:\Users\geraw_000\AppData\Roaming\MiKTeX\2.9\tex\generic\pgfplots\pgfplots.re
vision.tex)
Package: pgfplots 2017/06/05 v1.15 Data Visualization (1.15)

(C:\Users\geraw_000\AppData\Roaming\MiKTeX\2.9\tex\generic\pgfplots\pgfplots.co
de.tex
(C:\Users\geraw_000\AppData\Roaming\MiKTeX\2.9\tex\generic\pgfplots\pgfplotscor
e.code.tex
\t@pgfplots@toka=\toks57
\t@pgfplots@tokb=\toks58
\t@pgfplots@tokc=\toks59
\pgfplots@tmpa=\dimen268
\c@pgfplots@coordindex=\count169
\c@pgfplots@scanlineindex=\count170

(C:\Users\geraw_000\AppData\Roaming\MiKTeX\2.9\tex\generic\pgfplots\sys\pgfplot
ssysgeneric.code.tex))
(C:\Users\geraw_000\AppData\Roaming\MiKTeX\2.9\tex\generic\pgfplots\libs\pgfplo
tslibrary.code.tex)
(C:\Users\geraw_000\AppData\Roaming\MiKTeX\2.9\tex\generic\pgfplots\oldpgfcompa
tib\pgfplotsoldpgfsupp_loader.code.tex
(C:\Users\geraw_000\AppData\Roaming\MiKTeX\2.9\tex\generic\pgf\libraries\pgflib
raryfpu.code.tex)
Package pgfplots: loading complementary arithmetics for your pgf version...

(C:\Users\geraw_000\AppData\Roaming\MiKTeX\2.9\tex\generic\pgfplots\oldpgfcompa
tib\pgfplotsoldpgfsupp_pgflibraryfpu.code.tex)
(C:\Users\geraw_000\AppData\Roaming\MiKTeX\2.9\tex\generic\pgfplots\oldpgfcompa
tib\pgfplotsoldpgfsupp_pgfmathfloat.code.tex
\c@pgfmathroundto@lastzeros=\count171
))
(C:\Users\geraw_000\AppData\Roaming\MiKTeX\2.9\tex\generic\pgfplots\util\pgfplo
tsutil.code.tex
(C:\Users\geraw_000\AppData\Roaming\MiKTeX\2.9\tex\generic\pgfplots\liststructu
re\pgfplotsliststructure.code.tex)
(C:\Users\geraw_000\AppData\Roaming\MiKTeX\2.9\tex\generic\pgfplots\liststructu
re\pgfplotsliststructureext.code.tex)
(C:\Users\geraw_000\AppData\Roaming\MiKTeX\2.9\tex\generic\pgfplots\liststructu
re\pgfplotsarray.code.tex
\c@pgfplotsarray@tmp=\count172
)
(C:\Users\geraw_000\AppData\Roaming\MiKTeX\2.9\tex\generic\pgfplots\liststructu
re\pgfplotsmatrix.code.tex)
(C:\Users\geraw_000\AppData\Roaming\MiKTeX\2.9\tex\generic\pgfplots\numtable\pg
fplotstableshared.code.tex
\c@pgfplotstable@counta=\count173
\t@pgfplotstable@a=\toks60
)
(C:\Users\geraw_000\AppData\Roaming\MiKTeX\2.9\tex\generic\pgfplots\liststructu
re\pgfplotsdeque.code.tex)
(C:\Users\geraw_000\AppData\Roaming\MiKTeX\2.9\tex\generic\pgfplots\util\pgfplo
tsbinary.code.tex
(C:\Users\geraw_000\AppData\Roaming\MiKTeX\2.9\tex\generic\pgfplots\util\pgfplo
tsbinary.data.code.tex))
(C:\Users\geraw_000\AppData\Roaming\MiKTeX\2.9\tex\generic\pgfplots\util\pgfplo
tsutil.verb.code.tex)
(C:\Users\geraw_000\AppData\Roaming\MiKTeX\2.9\tex\generic\pgfplots\libs\pgflib
rarypgfplots.surfshading.code.tex
\c@pgfplotslibrarysurf@no=\count174

(C:\Users\geraw_000\AppData\Roaming\MiKTeX\2.9\tex\generic\pgfplots\sys\pgflibr
arypgfplots.surfshading.pgfsys-pdftex.def)))
(C:\Users\geraw_000\AppData\Roaming\MiKTeX\2.9\tex\generic\pgfplots\util\pgfplo
tscolormap.code.tex
(C:\Users\geraw_000\AppData\Roaming\MiKTeX\2.9\tex\generic\pgfplots\util\pgfplo
tscolor.code.tex))
(C:\Users\geraw_000\AppData\Roaming\MiKTeX\2.9\tex\generic\pgfplots\pgfplotssta
ckedplots.code.tex)
(C:\Users\geraw_000\AppData\Roaming\MiKTeX\2.9\tex\generic\pgfplots\pgfplotsplo
thandlers.code.tex
(C:\Users\geraw_000\AppData\Roaming\MiKTeX\2.9\tex\generic\pgfplots\pgfplotsmes
hplothandler.code.tex
(C:\Users\geraw_000\AppData\Roaming\MiKTeX\2.9\tex\generic\pgfplots\pgfplotsmes
hplotimage.code.tex)))
(C:\Users\geraw_000\AppData\Roaming\MiKTeX\2.9\tex\generic\pgfplots\pgfplots.sc
aling.code.tex)
(C:\Users\geraw_000\AppData\Roaming\MiKTeX\2.9\tex\generic\pgfplots\pgfplotscoo
rdprocessing.code.tex)
(C:\Users\geraw_000\AppData\Roaming\MiKTeX\2.9\tex\generic\pgfplots\pgfplots.er
rorbars.code.tex)
(C:\Users\geraw_000\AppData\Roaming\MiKTeX\2.9\tex\generic\pgfplots\pgfplots.ma
rkers.code.tex)
(C:\Users\geraw_000\AppData\Roaming\MiKTeX\2.9\tex\generic\pgfplots\pgfplotstic
ks.code.tex)
(C:\Users\geraw_000\AppData\Roaming\MiKTeX\2.9\tex\generic\pgfplots\pgfplots.pa
ths.code.tex)
(C:\Users\geraw_000\AppData\Roaming\MiKTeX\2.9\tex\generic\pgf\frontendlayer\ti
kz\libraries\tikzlibrarydecorations.code.tex
(C:\Users\geraw_000\AppData\Roaming\MiKTeX\2.9\tex\generic\pgf\modules\pgfmodul
edecorations.code.tex
\pgfdecoratedcompleteddistance=\dimen269
\pgfdecoratedremainingdistance=\dimen270
\pgfdecoratedinputsegmentcompleteddistance=\dimen271
\pgfdecoratedinputsegmentremainingdistance=\dimen272
\pgf@decorate@distancetomove=\dimen273
\pgf@decorate@repeatstate=\count175
\pgfdecorationsegmentamplitude=\dimen274
\pgfdecorationsegmentlength=\dimen275
)
\tikz@lib@dec@box=\box54
)
(C:\Users\geraw_000\AppData\Roaming\MiKTeX\2.9\tex\generic\pgf\frontendlayer\ti
kz\libraries\tikzlibrarydecorations.pathmorphing.code.tex
(C:\Users\geraw_000\AppData\Roaming\MiKTeX\2.9\tex\generic\pgf\libraries\decora
tions\pgflibrarydecorations.pathmorphing.code.tex))
(C:\Users\geraw_000\AppData\Roaming\MiKTeX\2.9\tex\generic\pgf\frontendlayer\ti
kz\libraries\tikzlibrarydecorations.pathreplacing.code.tex
(C:\Users\geraw_000\AppData\Roaming\MiKTeX\2.9\tex\generic\pgf\libraries\decora
tions\pgflibrarydecorations.pathreplacing.code.tex))
\pgfplots@numplots=\count176
\pgfplots@xmin@reg=\dimen276
\pgfplots@xmax@reg=\dimen277
\pgfplots@ymin@reg=\dimen278
\pgfplots@ymax@reg=\dimen279
\pgfplots@zmin@reg=\dimen280
\pgfplots@zmax@reg=\dimen281
)
(C:\Users\geraw_000\AppData\Roaming\MiKTeX\2.9\tex\generic\pgf\frontendlayer\ti
kz\libraries\tikzlibraryplotmarks.code.tex
File: tikzlibraryplotmarks.code.tex 2008/01/09 v3.0.1a (rcs-revision 1.1)

(C:\Users\geraw_000\AppData\Roaming\MiKTeX\2.9\tex\generic\pgf\libraries\pgflib
raryplotmarks.code.tex
File: pgflibraryplotmarks.code.tex 2015/08/03 v3.0.1a (rcs-revision 1.14)
))) (Kolmogorov_Approx.aux)
\openout1 = `Kolmogorov_Approx.aux'.

LaTeX Font Info:    Checking defaults for OML/cmm/m/it on input line 86.
LaTeX Font Info:    ... okay on input line 86.
LaTeX Font Info:    Checking defaults for T1/cmr/m/n on input line 86.
LaTeX Font Info:    ... okay on input line 86.
LaTeX Font Info:    Checking defaults for OT1/cmr/m/n on input line 86.
LaTeX Font Info:    ... okay on input line 86.
LaTeX Font Info:    Checking defaults for OMS/cmsy/m/n on input line 86.
LaTeX Font Info:    ... okay on input line 86.
LaTeX Font Info:    Checking defaults for OMX/cmex/m/n on input line 86.
LaTeX Font Info:    ... okay on input line 86.
LaTeX Font Info:    Checking defaults for U/cmr/m/n on input line 86.
LaTeX Font Info:    ... okay on input line 86.
LaTeX Font Info:    Checking defaults for PD1/pdf/m/n on input line 86.
LaTeX Font Info:    ... okay on input line 86.
LaTeX Font Info:    Try loading font information for T1+ptm on input line 86.

("e:\Program Files\MiKTeX 2.9\tex\latex\psnfss\t1ptm.fd"
File: t1ptm.fd 2001/06/04 font definitions for T1/ptm.
)
*geometry* driver: auto-detecting
*geometry* detected driver: pdftex
*geometry* verbose mode - [ preamble ] result:
* driver: pdftex
* paper: letterpaper
* layout: <same size as paper>
* layoutoffset:(h,v)=(0.0pt,0.0pt)
* modes: 
* h-part:(L,W,R)=(92.14519pt, 430.00462pt, 92.14519pt)
* v-part:(T,H,B)=(95.39737pt, 556.47656pt, 143.09605pt)
* \paperwidth=614.295pt
* \paperheight=794.96999pt
* \textwidth=430.00462pt
* \textheight=556.47656pt
* \oddsidemargin=19.8752pt
* \evensidemargin=19.8752pt
* \topmargin=-13.87262pt
* \headheight=12.0pt
* \headsep=25.0pt
* \topskip=10.0pt
* \footskip=30.0pt
* \marginparwidth=65.0pt
* \marginparsep=11.0pt
* \columnsep=10.0pt
* \skip\footins=9.0pt plus 4.0pt minus 2.0pt
* \hoffset=0.0pt
* \voffset=0.0pt
* \mag=1000
* \@twocolumnfalse
* \@twosidefalse
* \@mparswitchfalse
* \@reversemarginfalse
* (1in=72.27pt=25.4mm, 1cm=28.453pt)

*geometry* verbose mode - [ newgeometry ] result:
* driver: pdftex
* paper: letterpaper
* layout: <same size as paper>
* layoutoffset:(h,v)=(0.0pt,0.0pt)
* modes: 
* h-part:(L,W,R)=(108.405pt, 397.48499pt, 108.40501pt)
* v-part:(T,H,B)=(72.26999pt, 650.43pt, 72.27pt)
* \paperwidth=614.295pt
* \paperheight=794.96999pt
* \textwidth=397.48499pt
* \textheight=650.43pt
* \oddsidemargin=36.13501pt
* \evensidemargin=36.13501pt
* \topmargin=-37.0pt
* \headheight=12.0pt
* \headsep=25.0pt
* \topskip=10.0pt
* \footskip=30.0pt
* \marginparwidth=65.0pt
* \marginparsep=11.0pt
* \columnsep=10.0pt
* \skip\footins=9.0pt plus 4.0pt minus 2.0pt
* \hoffset=0.0pt
* \voffset=0.0pt
* \mag=1000
* \@twocolumnfalse
* \@twosidefalse
* \@mparswitchfalse
* \@reversemarginfalse
* (1in=72.27pt=25.4mm, 1cm=28.453pt)

\AtBeginShipoutBox=\box55
Package hyperref Info: Link coloring OFF on input line 86.
("e:\Program Files\MiKTeX 2.9\tex\latex\hyperref\nameref.sty"
Package: nameref 2016/05/21 v2.44 Cross-referencing by name of section

("e:\Program Files\MiKTeX 2.9\tex\generic\oberdiek\gettitlestring.sty"
Package: gettitlestring 2016/05/16 v1.5 Cleanup title references (HO)
)
\c@section@level=\count177
)
LaTeX Info: Redefining \ref on input line 86.
LaTeX Info: Redefining \pageref on input line 86.
LaTeX Info: Redefining \nameref on input line 86.

(Kolmogorov_Approx.out) (Kolmogorov_Approx.out)
\@outlinefile=\write4
\openout4 = `Kolmogorov_Approx.out'.


(C:\Users\geraw_000\AppData\Roaming\MiKTeX\2.9\tex\context\base\supp-pdf.mkii
[Loading MPS to PDF converter (version 2006.09.02).]
\scratchcounter=\count178
\scratchdimen=\dimen282
\scratchbox=\box56
\nofMPsegments=\count179
\nofMParguments=\count180
\everyMPshowfont=\toks61
\MPscratchCnt=\count181
\MPscratchDim=\dimen283
\MPnumerator=\count182
\makeMPintoPDFobject=\count183
\everyMPtoPDFconversion=\toks62
) ("e:\Program Files\MiKTeX 2.9\tex\latex\oberdiek\epstopdf-base.sty"
Package: epstopdf-base 2016/05/15 v2.6 Base part for package epstopdf

("e:\Program Files\MiKTeX 2.9\tex\latex\oberdiek\grfext.sty"
Package: grfext 2016/05/16 v1.2 Manage graphics extensions (HO)
)
Package epstopdf-base Info: Redefining graphics rule for `.eps' on input line 4
38.
Package grfext Info: Graphics extension search list:
(grfext)             [.png,.pdf,.jpg,.mps,.jpeg,.jbig2,.jb2,.PNG,.PDF,.JPG,.JPE
G,.JBIG2,.JB2,.eps]
(grfext)             \AppendGraphicsExtensions on input line 456.
)
ABD: EveryShipout initializing macros
("e:\Program Files\MiKTeX 2.9\tex\latex\oberdiek\pdflscape.sty"
Package: pdflscape 2016/05/14 v0.11 Display of landscape pages in PDF (HO)

("e:\Program Files\MiKTeX 2.9\tex\latex\graphics\lscape.sty"
Package: lscape 2000/10/22 v3.01 Landscape Pages (DPC)
)
Package pdflscape Info: Auto-detected driver: pdftex on input line 81.
)
\c@lstlisting=\count184


Package pgfplots Warning: running in backwards compatibility mode (unsuitable t
ick labels; missing features). Consider writing \pgfplotsset{compat=1.15} into 
your preamble.
 on input line 86.

LaTeX Font Info:    Font shape `T1/ptm/bx/n' in size <17.28> not available
(Font)              Font shape `T1/ptm/b/n' tried instead on input line 90.
LaTeX Font Info:    Try loading font information for U+msa on input line 90.
("e:\Program Files\MiKTeX 2.9\tex\latex\amsfonts\umsa.fd"
File: umsa.fd 2013/01/14 v3.01 AMS symbols A
)
LaTeX Font Info:    Try loading font information for U+msb on input line 90.

("e:\Program Files\MiKTeX 2.9\tex\latex\amsfonts\umsb.fd"
File: umsb.fd 2013/01/14 v3.01 AMS symbols B
)
LaTeX Font Info:    Font shape `T1/ptm/bx/n' in size <10> not available
(Font)              Font shape `T1/ptm/b/n' tried instead on input line 90.
LaTeX Font Info:    Try loading font information for T1+pcr on input line 90.

("e:\Program Files\MiKTeX 2.9\tex\latex\psnfss\t1pcr.fd"
File: t1pcr.fd 2001/06/04 font definitions for T1/pcr.
)
LaTeX Font Info:    Font shape `T1/ptm/bx/n' in size <12> not available
(Font)              Font shape `T1/ptm/b/n' tried instead on input line 91.
LaTeX Font Info:    Try loading font information for T1+phv on input line 91.

("e:\Program Files\MiKTeX 2.9\tex\latex\psnfss\t1phv.fd"
File: t1phv.fd 2001/06/04 scalable font definitions for T1/phv.
)
Underfull \vbox (badness 4024) has occurred while \output is active []

 [1


{C:/Users/geraw_000/AppData/Local/MiKTeX/2.9/pdftex/config/pdftex.map}] [2]

Package hyperref Warning: Token not allowed in a PDF string (PDFDocEncoding):
(hyperref)                removing `math shift' on input line 170.


Package hyperref Warning: Token not allowed in a PDF string (PDFDocEncoding):
(hyperref)                removing `math shift' on input line 170.


Package hyperref Warning: Token not allowed in a PDF string (PDFDocEncoding):
(hyperref)                removing `math shift' on input line 170.


Package hyperref Warning: Token not allowed in a PDF string (PDFDocEncoding):
(hyperref)                removing `subscript' on input line 170.


Package hyperref Warning: Token not allowed in a PDF string (PDFDocEncoding):
(hyperref)                removing `math shift' on input line 170.


Package hyperref Warning: Token not allowed in a PDF string (PDFDocEncoding):
(hyperref)                removing `math shift' on input line 170.


Package hyperref Warning: Token not allowed in a PDF string (PDFDocEncoding):
(hyperref)                removing `subscript' on input line 170.


Package hyperref Warning: Token not allowed in a PDF string (PDFDocEncoding):
(hyperref)                removing `math shift' on input line 170.

[3]
Underfull \hbox (badness 3668) in paragraph at lines 209--210
[]\T1/ptm/m/n/10 By def-i-ni-tion, for ev-ery $\OT1/cmr/m/n/10 0 \OMS/cmsy/m/n/
10  \OML/cmm/m/it/10 i \OMS/cmsy/m/n/10  \OML/cmm/m/it/10 m$\T1/ptm/m/n/10 , 
$\OML/cmm/m/it/10 d[]\OT1/cmr/m/n/10 (\OML/cmm/m/it/10 X; X[]\OT1/cmr/m/n/10 ) 
\OMS/cmsy/m/n/10  []fj\OML/cmm/m/it/10 F[]\OT1/cmr/m/n/10 ([]) \OMS/cmsy/m/n/1
0  
 []

[4]

Package hyperref Warning: Token not allowed in a PDF string (PDFDocEncoding):
(hyperref)                removing `math shift' on input line 458.


Package hyperref Warning: Token not allowed in a PDF string (PDFDocEncoding):
(hyperref)                removing `math shift' on input line 458.


Package hyperref Warning: Token not allowed in a PDF string (PDFDocEncoding):
(hyperref)                removing `math shift' on input line 458.


Package hyperref Warning: Token not allowed in a PDF string (PDFDocEncoding):
(hyperref)                removing `\varepsilon' on input line 458.


Package hyperref Warning: Token not allowed in a PDF string (PDFDocEncoding):
(hyperref)                removing `math shift' on input line 458.

[5]
LaTeX Font Info:    Font shape `T1/ptm/bx/n' in size <7> not available
(Font)              Font shape `T1/ptm/b/n' tried instead on input line 472.
 [6pdfTeX warning (ext4): destination with the same identifier (name{algocf.1})
 has been already used, duplicate ignored

\AtBegShi@Output ...ipout \box \AtBeginShipoutBox 
                                                  \fi \fi 
l.553 
      ] [7pdfTeX warning (ext4): destination with the same identifier (name{tab
le.1}) has been already used, duplicate ignored

\AtBegShi@Output ...ipout \box \AtBeginShipoutBox 
                                                  \fi \fi 
l.605 
      ]

LaTeX Warning: Reference `fig:error' on page 8 undefined on input line 606.

(Kolmogorov_Approx.bbl [8]) [9]
Package atveryend Info: Empty hook `BeforeClearDocument' on input line 684.
Package atveryend Info: Empty hook `AfterLastShipout' on input line 684.
 (Kolmogorov_Approx.aux)
Package atveryend Info: Executing hook `AtVeryEndDocument' on input line 684.
Package atveryend Info: Executing hook `AtEndAfterFileList' on input line 684.
Package rerunfilecheck Info: File `Kolmogorov_Approx.out' has not changed.
(rerunfilecheck)             Checksum: 897F7976241C7BE8B3E17B68990030E9;485.


LaTeX Warning: There were undefined references.

Package atveryend Info: Empty hook `AtVeryVeryEnd' on input line 684.
 ) 
Here is how much of TeX's memory you used:
 32669 strings out of 493334
 747919 string characters out of 3139240
 1004132 words of memory out of 3000000
 35562 multiletter control sequences out of 15000+200000
 44841 words of font info for 60 fonts, out of 3000000 for 9000
 1141 hyphenation exceptions out of 8191
 62i,12n,96p,1308b,609s stack positions out of 5000i,500n,10000p,200000b,50000s
{e:/Program Files/MiKTeX 2.9/fonts/enc/dvips/fontname/8r.enc}<e:/Program File
s/MiKTeX 2.9/fonts/type1/public/amsfonts/cm/cmex10.pfb><e:/Program Files/MiKTeX
 2.9/fonts/type1/public/amsfonts/cm/cmmi10.pfb><e:/Program Files/MiKTeX 2.9/fon
ts/type1/public/amsfonts/cm/cmmi5.pfb><e:/Program Files/MiKTeX 2.9/fonts/type1/
public/amsfonts/cm/cmmi6.pfb><e:/Program Files/MiKTeX 2.9/fonts/type1/public/am
sfonts/cm/cmmi7.pfb><e:/Program Files/MiKTeX 2.9/fonts/type1/public/amsfonts/cm
/cmr10.pfb><e:/Program Files/MiKTeX 2.9/fonts/type1/public/amsfonts/cm/cmr5.pfb
><e:/Program Files/MiKTeX 2.9/fonts/type1/public/amsfonts/cm/cmr6.pfb><e:/Progr
am Files/MiKTeX 2.9/fonts/type1/public/amsfonts/cm/cmr7.pfb><e:/Program Files/M
iKTeX 2.9/fonts/type1/public/amsfonts/cm/cmsy10.pfb><e:/Program Files/MiKTeX 2.
9/fonts/type1/public/amsfonts/cm/cmsy5.pfb><e:/Program Files/MiKTeX 2.9/fonts/t
ype1/public/amsfonts/cm/cmsy7.pfb><e:/Program Files/MiKTeX 2.9/fonts/type1/publ
ic/amsfonts/symbols/msbm10.pfb><e:/Program Files/MiKTeX 2.9/fonts/type1/public/
amsfonts/symbols/msbm7.pfb><e:/Program Files/MiKTeX 2.9/fonts/type1/urw/courier
/ucrr8a.pfb><e:/Program Files/MiKTeX 2.9/fonts/type1/urw/helvetic/uhvr8a.pfb><e
:/Program Files/MiKTeX 2.9/fonts/type1/urw/times/utmb8a.pfb><e:/Program Files/M
iKTeX 2.9/fonts/type1/urw/times/utmr8a.pfb><e:/Program Files/MiKTeX 2.9/fonts/t
ype1/urw/times/utmri8a.pfb>
Output written on Kolmogorov_Approx.pdf (9 pages, 256024 bytes).
PDF statistics:
 247 PDF objects out of 1000 (max. 8388607)
 59 named destinations out of 1000 (max. 500000)
 69 words of extra memory for PDF output out of 10000 (max. 10000000)

